<?xml version="1.0" encoding="UTF-8"?>
<testng-results ignored="0" total="1" passed="1" failed="0" skipped="0">
  <reporter-output>
  </reporter-output>
  <suite started-at="2023-04-22T09:45:09 IST" name="Default suite" finished-at="2023-04-22T09:45:31 IST" duration-ms="21613">
    <groups>
    </groups>
    <test started-at="2023-04-22T09:45:09 IST" name="Default test" finished-at="2023-04-22T09:45:31 IST" duration-ms="21613">
      <class name="goodreads.GoodreadsUITest">
        <test-method is-config="true" signature="setUp()[pri:0, instance:goodreads.GoodreadsUITest@45099dd3]" started-at="2023-04-22T09:45:09 IST" name="setUp" finished-at="2023-04-22T09:45:11 IST" duration-ms="1980" status="PASS">
          <reporter-output>
          </reporter-output>
        </test-method> <!-- setUp -->
        <test-method signature="validateBookFunctions()[pri:0, instance:goodreads.GoodreadsUITest@45099dd3]" started-at="2023-04-22T09:45:11 IST" name="validateBookFunctions" finished-at="2023-04-22T09:45:30 IST" duration-ms="19342" status="PASS">
          <reporter-output>
          </reporter-output>
        </test-method> <!-- validateBookFunctions -->
        <test-method is-config="true" signature="tearDown()[pri:0, instance:goodreads.GoodreadsUITest@45099dd3]" started-at="2023-04-22T09:45:30 IST" name="tearDown" finished-at="2023-04-22T09:45:31 IST" duration-ms="250" status="PASS">
          <reporter-output>
          </reporter-output>
        </test-method> <!-- tearDown -->
      </class> <!-- goodreads.GoodreadsUITest -->
    </test> <!-- Default test -->
  </suite> <!-- Default suite -->
</testng-results>
